2023-05-27 00:38:09,292 INFO  [restartedMain] com.depo.DepoApplication:Starting DepoApplication using Java 17.0.4 on DESKTOP-AT1R3RU with PID 9024 (C:\Users\emin\git\warehouse-management\target\classes started by emin in C:\Users\emin\git\warehouse-management)
2023-05-27 00:38:09,295 DEBUG [restartedMain] com.depo.DepoApplication:Running with Spring Boot v2.7.6, Spring v5.3.24
2023-05-27 00:38:09,296 INFO  [restartedMain] com.depo.DepoApplication:No active profile set, falling back to 1 default profile: "default"
2023-05-27 00:38:09,296 DEBUG [restartedMain] org.springframework.boot.SpringApplication:Loading source class com.depo.DepoApplication
2023-05-27 00:38:09,368 DEBUG [restartedMain] org.springframework.boot.devtools.restart.ChangeableUrls:Matching URLs for reloading : [file:/C:/Users/emin/git/warehouse-management/target/classes/]
2023-05-27 00:38:09,368 DEBUG [restartedMain] org.springframework.boot.devtools.settings.DevToolsSettings:Included patterns for restart : []
2023-05-27 00:38:09,368 DEBUG [restartedMain] org.springframework.boot.devtools.settings.DevToolsSettings:Excluded patterns for restart : [/spring-boot-starter-[\w-]+/, /spring-boot/(bin|build|out)/, /spring-boot-starter/(bin|build|out)/, /spring-boot-devtools/(bin|build|out)/, /spring-boot-actuator/(bin|build|out)/, /spring-boot-autoconfigure/(bin|build|out)/]
2023-05-27 00:38:09,368 INFO  [restartedMain] org.springframework.boot.devtools.env.DevToolsPropertyDefaultsPostProcessor:Devtools property defaults active! Set 'spring.devtools.add-properties' to 'false' to disable
2023-05-27 00:38:09,368 INFO  [restartedMain] org.springframework.boot.devtools.env.DevToolsPropertyDefaultsPostProcessor:For additional web related logging consider setting the 'logging.level.web' property to 'DEBUG'
2023-05-27 00:38:09,369 DEBUG [restartedMain] org.springframework.boot.web.servlet.context.AnnotationConfigServletWebServerApplicationContext:Refreshing org.springframework.boot.web.servlet.context.AnnotationConfigServletWebServerApplicationContext@3c71102b
2023-05-27 00:38:10,791 DEBUG [restartedMain] org.springframework.boot.web.embedded.tomcat.TomcatServletWebServerFactory:Code archive: C:\Users\emin\.m2\repository\org\springframework\boot\spring-boot\2.7.6\spring-boot-2.7.6.jar
2023-05-27 00:38:10,792 DEBUG [restartedMain] org.springframework.boot.web.embedded.tomcat.TomcatServletWebServerFactory:Code archive: C:\Users\emin\.m2\repository\org\springframework\boot\spring-boot\2.7.6\spring-boot-2.7.6.jar
2023-05-27 00:38:10,792 DEBUG [restartedMain] org.springframework.boot.web.embedded.tomcat.TomcatServletWebServerFactory:None of the document roots [src/main/webapp, public, static] point to a directory and will be ignored.
2023-05-27 00:38:10,865 INFO  [restartedMain] org.springframework.boot.web.embedded.tomcat.TomcatWebServer:Tomcat initialized with port(s): 8081 (http)
2023-05-27 00:38:10,953 DEBUG [restartedMain] org.springframework.boot.web.servlet.context.ServletWebServerApplicationContext:Published root WebApplicationContext as ServletContext attribute with name [org.springframework.web.context.WebApplicationContext.ROOT]
2023-05-27 00:38:10,954 INFO  [restartedMain] org.springframework.boot.web.servlet.context.ServletWebServerApplicationContext:Root WebApplicationContext: initialization completed in 1585 ms
2023-05-27 00:38:11,128 INFO  [restartedMain] org.hibernate.jpa.internal.util.LogHelper:HHH000204: Processing PersistenceUnitInfo [name: default]
2023-05-27 00:38:11,189 INFO  [restartedMain] org.hibernate.Version:HHH000412: Hibernate ORM core version 5.6.14.Final
2023-05-27 00:38:11,430 INFO  [restartedMain] org.hibernate.annotations.common.Version:HCANN000001: Hibernate Commons Annotations {5.1.2.Final}
2023-05-27 00:38:11,747 INFO  [restartedMain] org.hibernate.dialect.Dialect:HHH000400: Using dialect: org.hibernate.dialect.PostgreSQLDialect
2023-05-27 00:38:12,533 DEBUG [restartedMain] org.hibernate.SQL:
    
    create table tbl_category (
       id  bigserial not null,
        built_in boolean,
        create_at date,
        status int2,
        update_at date,
        title varchar(255) not null,
        primary key (id)
    )
2023-05-27 00:38:12,543 DEBUG [restartedMain] org.hibernate.SQL:
    
    create table tbl_depo (
       id  bigserial not null,
        built_in boolean,
        create_at date,
        status int2,
        update_at date,
        address varchar(255),
        city varchar(255),
        state varchar(255),
        title varchar(255),
        product_id int8,
        primary key (id)
    )
2023-05-27 00:38:12,547 DEBUG [restartedMain] org.hibernate.SQL:
    
    create table tbl_product (
       id  bigserial not null,
        built_in boolean,
        create_at date,
        status int2,
        update_at date,
        stock_alarm_limit int4,
        stock_amount int4,
        title varchar(255),
        category_id int8,
        primary key (id)
    )
2023-05-27 00:38:12,550 DEBUG [restartedMain] org.hibernate.SQL:
    
    create table tbl_role (
       id  serial not null,
        type varchar(255),
        primary key (id)
    )
2023-05-27 00:38:12,552 DEBUG [restartedMain] org.hibernate.SQL:
    
    create table tbl_transaction (
       id  bigserial not null,
        create_at date,
        transaction varchar(255),
        category_id int8,
        primary key (id)
    )
2023-05-27 00:38:12,555 DEBUG [restartedMain] org.hibernate.SQL:
    
    create table tbl_user (
       id  bigserial not null,
        built_in boolean,
        create_at date,
        status int2,
        update_at date,
        email varchar(255),
        first_name varchar(255),
        last_name varchar(255),
        password varchar(255),
        phone varchar(255),
        primary key (id)
    )
2023-05-27 00:38:12,560 DEBUG [restartedMain] org.hibernate.SQL:
    
    create table tbl_user_role (
       user_id int8 not null,
        role_id int4 not null,
        primary key (user_id, role_id)
    )
2023-05-27 00:38:12,563 DEBUG [restartedMain] org.hibernate.SQL:
    
    alter table tbl_depo 
       add constraint FK7s8wislwvh7bhgoss2n80130o 
       foreign key (product_id) 
       references tbl_product
2023-05-27 00:38:12,567 DEBUG [restartedMain] org.hibernate.SQL:
    
    alter table tbl_product 
       add constraint FKfq7110lh85cseoy13cgni7pet 
       foreign key (category_id) 
       references tbl_category
2023-05-27 00:38:12,568 DEBUG [restartedMain] org.hibernate.SQL:
    
    alter table tbl_transaction 
       add constraint FK6g8tqghnt1p2bja76p6kev9x6 
       foreign key (category_id) 
       references tbl_category
2023-05-27 00:38:12,570 DEBUG [restartedMain] org.hibernate.SQL:
    
    alter table tbl_user_role 
       add constraint FK6phlytlf1w3h9vutsu019xor5 
       foreign key (role_id) 
       references tbl_role
2023-05-27 00:38:12,571 DEBUG [restartedMain] org.hibernate.SQL:
    
    alter table tbl_user_role 
       add constraint FKggc6wjqokl2vlw89y22a1j2oh 
       foreign key (user_id) 
       references tbl_user
2023-05-27 00:38:12,573 INFO  [restartedMain] org.hibernate.engine.transaction.jta.platform.internal.JtaPlatformInitiator:HHH000490: Using JtaPlatform implementation: [org.hibernate.engine.transaction.jta.platform.internal.NoJtaPlatform]
2023-05-27 00:38:12,922 DEBUG [restartedMain] org.springframework.boot.context.properties.source.ConfigurationPropertySourcesPropertyResolver$DefaultResolver:Found key 'depo.app.jwtSecret' in PropertySource 'Config resource 'class path resource [application.yml]' via location 'optional:classpath:/'' with value of type String
2023-05-27 00:38:12,923 DEBUG [restartedMain] org.springframework.boot.context.properties.source.ConfigurationPropertySourcesPropertyResolver$DefaultResolver:Found key 'depo.app.jwtExpirationMs' in PropertySource 'Config resource 'class path resource [application.yml]' via location 'optional:classpath:/'' with value of type Integer
2023-05-27 00:38:12,941 DEBUG [restartedMain] org.springframework.boot.web.servlet.ServletContextInitializerBeans:Mapping filters: springSecurityFilterChain urls=[/*] order=-100, filterRegistrationBean urls=[/*] order=2147483647, characterEncodingFilter urls=[/*] order=-2147483648, formContentFilter urls=[/*] order=-9900, requestContextFilter urls=[/*] order=-105, authTokenFilter urls=[/*] order=2147483647
2023-05-27 00:38:12,941 DEBUG [restartedMain] org.springframework.boot.web.servlet.ServletContextInitializerBeans:Mapping servlets: dispatcherServlet urls=[/], messageDispatcherServlet urls=[/services/*]
2023-05-27 00:38:12,966 DEBUG [restartedMain] org.springframework.boot.web.servlet.filter.OrderedRequestContextFilter:Filter 'requestContextFilter' configured for use
2023-05-27 00:38:12,966 DEBUG [restartedMain] com.depo.security.jwt.AuthTokenFilter:Filter 'authTokenFilter' configured for use
2023-05-27 00:38:12,967 DEBUG [restartedMain] org.springframework.boot.web.servlet.filter.OrderedCharacterEncodingFilter:Filter 'characterEncodingFilter' configured for use
2023-05-27 00:38:12,967 DEBUG [restartedMain] org.springframework.boot.web.servlet.DelegatingFilterProxyRegistrationBean$1:Filter 'springSecurityFilterChain' configured for use
2023-05-27 00:38:12,967 DEBUG [restartedMain] org.springframework.boot.web.servlet.filter.OrderedFormContentFilter:Filter 'formContentFilter' configured for use
2023-05-27 00:38:13,719 DEBUG [restartedMain] org.springframework.boot.admin.SpringApplicationAdminMXBeanRegistrar$SpringApplicationAdmin:Application Admin MBean registered with name 'org.springframework.boot:type=Admin,name=SpringApplication'
2023-05-27 00:38:13,844 DEBUG [restartedMain] org.springframework.boot.devtools.livereload.LiveReloadServer:Starting live reload server on port 35729
2023-05-27 00:38:13,846 INFO  [restartedMain] org.springframework.boot.devtools.autoconfigure.OptionalLiveReloadServer:LiveReload server is running on port 35729
2023-05-27 00:38:13,887 INFO  [restartedMain] org.springframework.boot.web.embedded.tomcat.TomcatWebServer:Tomcat started on port(s): 8081 (http) with context path ''
2023-05-27 00:38:13,898 INFO  [restartedMain] com.depo.DepoApplication:Started DepoApplication in 5.034 seconds (JVM running for 5.791)
2023-05-27 00:38:13,899 DEBUG [restartedMain] org.springframework.boot.availability.ApplicationAvailabilityBean:Application availability state LivenessState changed to CORRECT
2023-05-27 00:38:13,930 DEBUG [restartedMain] org.hibernate.SQL:
    select
        role0_.id as id1_3_0_,
        role0_.type as type2_3_0_ 
    from
        tbl_role role0_ 
    where
        role0_.id=?
2023-05-27 00:38:13,946 DEBUG [restartedMain] org.hibernate.SQL:
    insert 
    into
        tbl_role
        (type) 
    values
        (?)
2023-05-27 00:38:13,959 DEBUG [restartedMain] org.hibernate.SQL:
    select
        role0_.id as id1_3_0_,
        role0_.type as type2_3_0_ 
    from
        tbl_role role0_ 
    where
        role0_.id=?
2023-05-27 00:38:13,960 DEBUG [restartedMain] org.hibernate.SQL:
    insert 
    into
        tbl_role
        (type) 
    values
        (?)
2023-05-27 00:38:14,058 DEBUG [restartedMain] org.hibernate.SQL:
    insert 
    into
        tbl_user
        (built_in, create_at, status, update_at, email, first_name, last_name, password, phone) 
    values
        (?, ?, ?, ?, ?, ?, ?, ?, ?)
2023-05-27 00:38:14,068 DEBUG [restartedMain] org.hibernate.SQL:
    insert 
    into
        tbl_user_role
        (user_id, role_id) 
    values
        (?, ?)
2023-05-27 00:38:14,161 DEBUG [restartedMain] org.hibernate.SQL:
    insert 
    into
        tbl_user
        (built_in, create_at, status, update_at, email, first_name, last_name, password, phone) 
    values
        (?, ?, ?, ?, ?, ?, ?, ?, ?)
2023-05-27 00:38:14,162 DEBUG [restartedMain] org.hibernate.SQL:
    insert 
    into
        tbl_user_role
        (user_id, role_id) 
    values
        (?, ?)
2023-05-27 00:38:14,164 DEBUG [restartedMain] org.springframework.boot.devtools.restart.Restarter:Creating new Restarter for thread Thread[main,5,main]
2023-05-27 00:38:14,164 DEBUG [restartedMain] org.springframework.boot.devtools.restart.Restarter:Immediately restarting application
2023-05-27 00:38:14,164 DEBUG [restartedMain] org.springframework.boot.devtools.restart.Restarter:Starting application com.depo.DepoApplication with URLs [file:/C:/Users/emin/git/warehouse-management/target/classes/]
2023-05-27 00:38:14,164 DEBUG [restartedMain] org.springframework.boot.availability.ApplicationAvailabilityBean:Application availability state ReadinessState changed to ACCEPTING_TRAFFIC
2023-05-27 00:38:25,359 INFO  [File Watcher] org.springframework.boot.devtools.autoconfigure.LocalDevToolsAutoConfiguration$RestartingClassPathChangeChangedEventListener:Restarting due to 1 class path change (0 additions, 0 deletions, 1 modification)
2023-05-27 00:38:25,360 DEBUG [File Watcher] org.springframework.boot.devtools.autoconfigure.LocalDevToolsAutoConfiguration$RestartingClassPathChangeChangedEventListener:Change set: %s[C:\Users\emin\git\warehouse-management\target\classes [C:\Users\emin\git\warehouse-management\target\classes\com\depo\utils\DataLoader.class (MODIFY)]]
2023-05-27 00:38:25,360 DEBUG [File Watcher] org.springframework.boot.devtools.restart.Restarter:Restarting application
2023-05-27 00:38:25,361 DEBUG [Thread-5] org.springframework.boot.devtools.restart.Restarter:Stopping application
2023-05-27 00:38:25,362 DEBUG [Thread-5] org.springframework.boot.availability.ApplicationAvailabilityBean:Application availability state ReadinessState changed from ACCEPTING_TRAFFIC to REFUSING_TRAFFIC
2023-05-27 00:38:25,362 DEBUG [Thread-5] org.springframework.boot.web.servlet.context.AnnotationConfigServletWebServerApplicationContext:Closing org.springframework.boot.web.servlet.context.AnnotationConfigServletWebServerApplicationContext@3c71102b, started on Sat May 27 00:38:09 TRT 2023
2023-05-27 00:38:25,477 DEBUG [Thread-5] org.springframework.boot.devtools.restart.classloader.RestartClassLoader:Created RestartClassLoader org.springframework.boot.devtools.restart.classloader.RestartClassLoader@6dfa95d2
2023-05-27 00:38:25,477 DEBUG [Thread-5] org.springframework.boot.devtools.restart.Restarter:Starting application com.depo.DepoApplication with URLs [file:/C:/Users/emin/git/warehouse-management/target/classes/]
2023-05-27 00:38:25,518 INFO  [restartedMain] com.depo.DepoApplication:Starting DepoApplication using Java 17.0.4 on DESKTOP-AT1R3RU with PID 9024 (C:\Users\emin\git\warehouse-management\target\classes started by emin in C:\Users\emin\git\warehouse-management)
2023-05-27 00:38:25,518 DEBUG [restartedMain] com.depo.DepoApplication:Running with Spring Boot v2.7.6, Spring v5.3.24
2023-05-27 00:38:25,518 INFO  [restartedMain] com.depo.DepoApplication:No active profile set, falling back to 1 default profile: "default"
2023-05-27 00:38:25,518 DEBUG [restartedMain] org.springframework.boot.SpringApplication:Loading source class com.depo.DepoApplication
2023-05-27 00:38:25,520 DEBUG [restartedMain] org.springframework.boot.web.servlet.context.AnnotationConfigServletWebServerApplicationContext:Refreshing org.springframework.boot.web.servlet.context.AnnotationConfigServletWebServerApplicationContext@462a3b35
2023-05-27 00:38:25,821 DEBUG [restartedMain] org.springframework.boot.web.embedded.tomcat.TomcatServletWebServerFactory:Code archive: C:\Users\emin\.m2\repository\org\springframework\boot\spring-boot\2.7.6\spring-boot-2.7.6.jar
2023-05-27 00:38:25,821 DEBUG [restartedMain] org.springframework.boot.web.embedded.tomcat.TomcatServletWebServerFactory:Code archive: C:\Users\emin\.m2\repository\org\springframework\boot\spring-boot\2.7.6\spring-boot-2.7.6.jar
2023-05-27 00:38:25,821 DEBUG [restartedMain] org.springframework.boot.web.embedded.tomcat.TomcatServletWebServerFactory:None of the document roots [src/main/webapp, public, static] point to a directory and will be ignored.
2023-05-27 00:38:25,829 INFO  [restartedMain] org.springframework.boot.web.embedded.tomcat.TomcatWebServer:Tomcat initialized with port(s): 8081 (http)
2023-05-27 00:38:25,846 DEBUG [restartedMain] org.springframework.boot.web.servlet.context.ServletWebServerApplicationContext:Published root WebApplicationContext as ServletContext attribute with name [org.springframework.web.context.WebApplicationContext.ROOT]
2023-05-27 00:38:25,846 INFO  [restartedMain] org.springframework.boot.web.servlet.context.ServletWebServerApplicationContext:Root WebApplicationContext: initialization completed in 326 ms
2023-05-27 00:38:25,896 INFO  [restartedMain] org.hibernate.jpa.internal.util.LogHelper:HHH000204: Processing PersistenceUnitInfo [name: default]
2023-05-27 00:38:25,949 INFO  [restartedMain] org.hibernate.dialect.Dialect:HHH000400: Using dialect: org.hibernate.dialect.PostgreSQLDialect
2023-05-27 00:38:26,160 INFO  [restartedMain] org.hibernate.engine.transaction.jta.platform.internal.JtaPlatformInitiator:HHH000490: Using JtaPlatform implementation: [org.hibernate.engine.transaction.jta.platform.internal.NoJtaPlatform]
2023-05-27 00:38:26,309 DEBUG [restartedMain] org.springframework.boot.context.properties.source.ConfigurationPropertySourcesPropertyResolver$DefaultResolver:Found key 'depo.app.jwtSecret' in PropertySource 'Config resource 'class path resource [application.yml]' via location 'optional:classpath:/'' with value of type String
2023-05-27 00:38:26,309 DEBUG [restartedMain] org.springframework.boot.context.properties.source.ConfigurationPropertySourcesPropertyResolver$DefaultResolver:Found key 'depo.app.jwtExpirationMs' in PropertySource 'Config resource 'class path resource [application.yml]' via location 'optional:classpath:/'' with value of type Integer
2023-05-27 00:38:26,328 DEBUG [restartedMain] org.springframework.boot.web.servlet.ServletContextInitializerBeans:Mapping filters: springSecurityFilterChain urls=[/*] order=-100, filterRegistrationBean urls=[/*] order=2147483647, characterEncodingFilter urls=[/*] order=-2147483648, formContentFilter urls=[/*] order=-9900, requestContextFilter urls=[/*] order=-105, authTokenFilter urls=[/*] order=2147483647
2023-05-27 00:38:26,328 DEBUG [restartedMain] org.springframework.boot.web.servlet.ServletContextInitializerBeans:Mapping servlets: dispatcherServlet urls=[/], messageDispatcherServlet urls=[/services/*]
2023-05-27 00:38:26,329 DEBUG [restartedMain] org.springframework.boot.web.servlet.filter.OrderedRequestContextFilter:Filter 'requestContextFilter' configured for use
2023-05-27 00:38:26,330 DEBUG [restartedMain] com.depo.security.jwt.AuthTokenFilter:Filter 'authTokenFilter' configured for use
2023-05-27 00:38:26,330 DEBUG [restartedMain] org.springframework.boot.web.servlet.filter.OrderedCharacterEncodingFilter:Filter 'characterEncodingFilter' configured for use
2023-05-27 00:38:26,330 DEBUG [restartedMain] org.springframework.boot.web.servlet.DelegatingFilterProxyRegistrationBean$1:Filter 'springSecurityFilterChain' configured for use
2023-05-27 00:38:26,330 DEBUG [restartedMain] org.springframework.boot.web.servlet.filter.OrderedFormContentFilter:Filter 'formContentFilter' configured for use
2023-05-27 00:38:26,707 DEBUG [restartedMain] org.springframework.boot.admin.SpringApplicationAdminMXBeanRegistrar$SpringApplicationAdmin:Application Admin MBean registered with name 'org.springframework.boot:type=Admin,name=SpringApplication'
2023-05-27 00:38:26,754 INFO  [restartedMain] org.springframework.boot.devtools.autoconfigure.OptionalLiveReloadServer:LiveReload server is running on port 35729
2023-05-27 00:38:26,769 INFO  [restartedMain] org.springframework.boot.web.embedded.tomcat.TomcatWebServer:Tomcat started on port(s): 8081 (http) with context path ''
2023-05-27 00:38:26,774 INFO  [restartedMain] com.depo.DepoApplication:Started DepoApplication in 1.29 seconds (JVM running for 18.666)
2023-05-27 00:38:26,774 DEBUG [restartedMain] org.springframework.boot.availability.ApplicationAvailabilityBean:Application availability state LivenessState changed to CORRECT
2023-05-27 00:38:26,776 INFO  [restartedMain] org.springframework.boot.devtools.autoconfigure.ConditionEvaluationDeltaLoggingListener:Condition evaluation unchanged
2023-05-27 00:38:26,776 DEBUG [restartedMain] org.springframework.boot.availability.ApplicationAvailabilityBean:Application availability state ReadinessState changed to ACCEPTING_TRAFFIC
2023-05-27 00:39:15,117 INFO  [RMI TCP Connection(3)-127.0.0.1] org.springframework.boot.admin.SpringApplicationAdminMXBeanRegistrar$SpringApplicationAdmin:Application shutdown requested.
2023-05-27 00:39:15,117 DEBUG [RMI TCP Connection(3)-127.0.0.1] org.springframework.boot.availability.ApplicationAvailabilityBean:Application availability state ReadinessState changed from ACCEPTING_TRAFFIC to REFUSING_TRAFFIC
2023-05-27 00:39:15,117 DEBUG [RMI TCP Connection(3)-127.0.0.1] org.springframework.boot.web.servlet.context.AnnotationConfigServletWebServerApplicationContext:Closing org.springframework.boot.web.servlet.context.AnnotationConfigServletWebServerApplicationContext@462a3b35, started on Sat May 27 00:38:25 TRT 2023
